app/build/intermediates/manifest_merge_blame_file/debug/processDebugMainManifest/manifest-merger-blame-debug-report.txt
1<?xml version="1.0" encoding="utf-8"?>
2<manifest xmlns:android="http://schemas.android.com/apk/res/android"
3    package="com.memorycurator.app"
4    android:versionCode="1"
5    android:versionName="1.0" >
6
7    <uses-sdk
8        android:minSdkVersion="31"
9        android:targetSdkVersion="35" />
10
11    <uses-permission android:name="android.permission.INTERNET" />
11-->src\main\AndroidManifest.xml:5:5-67
11-->src\main\AndroidManifest.xml:5:22-64
12    <uses-permission android:name="android.permission.READ_MEDIA_IMAGES" />
12-->src\main\AndroidManifest.xml:6:5-75
12-->src\main\AndroidManifest.xml:6:22-73
13    <uses-permission android:name="android.permission.READ_MEDIA_VIDEO" />
13-->src\main\AndroidManifest.xml:7:5-74
13-->src\main\AndroidManifest.xml:7:22-72
14    <uses-permission android:name="android.permission.READ_MEDIA_VISUAL_USER_SELECTED" />
14-->src\main\AndroidManifest.xml:8:5-90
14-->src\main\AndroidManifest.xml:8:22-87
15    <uses-permission
15-->src\main\AndroidManifest.xml:9:5-107
16        android:name="android.permission.READ_EXTERNAL_STORAGE"
16-->src\main\AndroidManifest.xml:9:22-77
17        android:maxSdkVersion="32" />
17-->src\main\AndroidManifest.xml:9:78-104
18
19    <!-- For allowlist service -->
20    <uses-permission android:name="android.permission.ACCESS_NETWORK_STATE" /> <!-- NOTE: Developers need to copy permission declarations to their app's manifest. -->
20-->[com.google.mlkit:vision-internal-vkp:18.2.3] AndroidManifest.xml:7:5-79
20-->[com.google.mlkit:vision-internal-vkp:18.2.3] AndroidManifest.xml:7:22-76
21    <!-- Required for downloading AiPack models. -->
22    <uses-permission android:name="android.permission.FOREGROUND_SERVICE" />
22-->[com.google.ai.edge.litert:litert:2.1.6] AndroidManifest.xml:23:5-76
22-->[com.google.ai.edge.litert:litert:2.1.6] AndroidManifest.xml:23:22-74
23    <uses-permission android:name="android.permission.FOREGROUND_SERVICE_DATA_SYNC" /> <!-- Android NPU Manager -->
23-->[com.google.ai.edge.litert:litert:2.1.6] AndroidManifest.xml:24:5-86
23-->[com.google.ai.edge.litert:litert:2.1.6] AndroidManifest.xml:24:22-84
24    <uses-feature
24-->[com.google.ai.edge.litert:litert:2.1.6] AndroidManifest.xml:26:5-81
25        android:name="android.hardware.npu"
25-->[com.google.ai.edge.litert:litert:2.1.6] AndroidManifest.xml:26:19-54
26        android:required="false" />
26-->[com.google.ai.edge.litert:litert:2.1.6] AndroidManifest.xml:26:55-79
27
28    <uses-permission android:name="android.permission.WAKE_LOCK" />
28-->[androidx.work:work-runtime:2.9.1] AndroidManifest.xml:23:5-68
28-->[androidx.work:work-runtime:2.9.1] AndroidManifest.xml:23:22-65
29    <uses-permission android:name="android.permission.RECEIVE_BOOT_COMPLETED" />
29-->[androidx.work:work-runtime:2.9.1] AndroidManifest.xml:25:5-81
29-->[androidx.work:work-runtime:2.9.1] AndroidManifest.xml:25:22-78
30
31    <permission
31-->[androidx.core:core:1.15.0] AndroidManifest.xml:22:5-24:47
32        android:name="com.memorycurator.app.DYNAMIC_RECEIVER_NOT_EXPORTED_PERMISSION"
32-->[androidx.core:core:1.15.0] AndroidManifest.xml:23:9-81
33        android:protectionLevel="signature" />
33-->[androidx.core:core:1.15.0] AndroidManifest.xml:24:9-44
34
35    <uses-permission android:name="com.memorycurator.app.DYNAMIC_RECEIVER_NOT_EXPORTED_PERMISSION" />
35-->[androidx.core:core:1.15.0] AndroidManifest.xml:26:5-97
35-->[androidx.core:core:1.15.0] AndroidManifest.xml:26:22-94
36
37    <application
37-->src\main\AndroidManifest.xml:11:5-27:19
38        android:appComponentFactory="androidx.core.app.CoreComponentFactory"
38-->[androidx.core:core:1.15.0] AndroidManifest.xml:28:18-86
39        android:debuggable="true"
40        android:extractNativeLibs="true"
41        android:icon="@android:drawable/sym_def_app_icon"
41-->src\main\AndroidManifest.xml:12:9-58
42        android:label="MemoryCurator"
42-->src\main\AndroidManifest.xml:13:9-38
43        android:supportsRtl="true"
43-->src\main\AndroidManifest.xml:14:9-35
44        android:testOnly="true"
45        android:theme="@style/Theme.MemoryCurator" >
45-->src\main\AndroidManifest.xml:15:9-51
46        <activity
46-->src\main\AndroidManifest.xml:17:9-26:20
47            android:name="com.memorycurator.app.MainActivity"
47-->src\main\AndroidManifest.xml:18:13-41
48            android:exported="true" >
48-->src\main\AndroidManifest.xml:19:13-36
49            <intent-filter>
49-->src\main\AndroidManifest.xml:21:13-24:29
50                <action android:name="android.intent.action.MAIN" />
50-->src\main\AndroidManifest.xml:22:17-69
50-->src\main\AndroidManifest.xml:22:25-66
51
52                <category android:name="android.intent.category.LAUNCHER" />
52-->src\main\AndroidManifest.xml:23:17-77
52-->src\main\AndroidManifest.xml:23:27-74
53            </intent-filter>
54        </activity>
55
56        <service
56-->[com.google.mlkit:image-labeling:17.0.9] AndroidManifest.xml:8:9-14:19
57            android:name="com.google.mlkit.common.internal.MlKitComponentDiscoveryService"
57-->[com.google.mlkit:image-labeling:17.0.9] AndroidManifest.xml:9:13-91
58            android:directBootAware="true"
58-->[com.google.mlkit:common:18.11.0] AndroidManifest.xml:17:13-43
59            android:exported="false" >
59-->[com.google.mlkit:image-labeling:17.0.9] AndroidManifest.xml:10:13-37
60            <meta-data
60-->[com.google.mlkit:image-labeling:17.0.9] AndroidManifest.xml:11:13-13:85
61                android:name="com.google.firebase.components:com.google.mlkit.vision.label.defaults.internal.BundledLabelRegistrar"
61-->[com.google.mlkit:image-labeling:17.0.9] AndroidManifest.xml:12:17-132
62                android:value="com.google.firebase.components.ComponentRegistrar" />
62-->[com.google.mlkit:image-labeling:17.0.9] AndroidManifest.xml:13:17-82
63            <meta-data
63-->[com.google.mlkit:vision-internal-vkp:18.2.3] AndroidManifest.xml:14:13-16:85
64                android:name="com.google.firebase.components:com.google.mlkit.vision.vkp.VkpRegistrar"
64-->[com.google.mlkit:vision-internal-vkp:18.2.3] AndroidManifest.xml:15:17-103
65                android:value="com.google.firebase.components.ComponentRegistrar" />
65-->[com.google.mlkit:vision-internal-vkp:18.2.3] AndroidManifest.xml:16:17-82
66            <meta-data
66-->[com.google.android.gms:play-services-mlkit-face-detection:17.1.0] AndroidManifest.xml:12:13-14:85
67                android:name="com.google.firebase.components:com.google.mlkit.vision.face.internal.FaceRegistrar"
67-->[com.google.android.gms:play-services-mlkit-face-detection:17.1.0] AndroidManifest.xml:13:17-114
68                android:value="com.google.firebase.components.ComponentRegistrar" />
68-->[com.google.android.gms:play-services-mlkit-face-detection:17.1.0] AndroidManifest.xml:14:17-82
69            <meta-data
69-->[com.google.mlkit:vision-common:17.3.0] AndroidManifest.xml:12:13-14:85
70                android:name="com.google.firebase.components:com.google.mlkit.vision.common.internal.VisionCommonRegistrar"
70-->[com.google.mlkit:vision-common:17.3.0] AndroidManifest.xml:13:17-124
71                android:value="com.google.firebase.components.ComponentRegistrar" />
71-->[com.google.mlkit:vision-common:17.3.0] AndroidManifest.xml:14:17-82
72            <meta-data
72-->[com.google.mlkit:common:18.11.0] AndroidManifest.xml:20:13-22:85
73                android:name="com.google.firebase.components:com.google.mlkit.common.internal.CommonComponentRegistrar"
73-->[com.google.mlkit:common:18.11.0] AndroidManifest.xml:21:17-120
74                android:value="com.google.firebase.components.ComponentRegistrar" />
74-->[com.google.mlkit:common:18.11.0] AndroidManifest.xml:22:17-82
75        </service>
76
77        <provider
77-->[com.google.mlkit:common:18.11.0] AndroidManifest.xml:9:9-13:38
78            android:name="com.google.mlkit.common.internal.MlKitInitProvider"
78-->[com.google.mlkit:common:18.11.0] AndroidManifest.xml:10:13-78
79            android:authorities="com.memorycurator.app.mlkitinitprovider"
79-->[com.google.mlkit:common:18.11.0] AndroidManifest.xml:11:13-69
80            android:exported="false"
80-->[com.google.mlkit:common:18.11.0] AndroidManifest.xml:12:13-37
81            android:initOrder="99" />
81-->[com.google.mlkit:common:18.11.0] AndroidManifest.xml:13:13-35
82
83        <activity
83-->[com.google.android.gms:play-services-base:18.5.0] AndroidManifest.xml:5:9-173
84            android:name="com.google.android.gms.common.api.GoogleApiActivity"
84-->[com.google.android.gms:play-services-base:18.5.0] AndroidManifest.xml:5:19-85
85            android:exported="false"
85-->[com.google.android.gms:play-services-base:18.5.0] AndroidManifest.xml:5:146-170
86            android:theme="@android:style/Theme.Translucent.NoTitleBar" />
86-->[com.google.android.gms:play-services-base:18.5.0] AndroidManifest.xml:5:86-145
87        <!--
88 Applications that target Android S+ require explicit declaration of
89             any referenced vendor-provided libraries.
90        -->
91        <uses-native-library
91-->[com.google.ai.edge.litert:litert:2.1.6] AndroidManifest.xml:31:9-84
92            android:name="libOpenCL.so"
92-->[com.google.ai.edge.litert:litert:2.1.6] AndroidManifest.xml:31:30-57
93            android:required="false" />
93-->[com.google.ai.edge.litert:litert:2.1.6] AndroidManifest.xml:31:58-82
94        <uses-native-library
94-->[com.google.ai.edge.litert:litert:2.1.6] AndroidManifest.xml:31:9-84
95            android:name="libOpenCL-car.so"
95-->[com.google.ai.edge.litert:litert:2.1.6] AndroidManifest.xml:31:30-57
96            android:required="false" />
96-->[com.google.ai.edge.litert:litert:2.1.6] AndroidManifest.xml:31:58-82
97        <uses-native-library
97-->[com.google.ai.edge.litert:litert:2.1.6] AndroidManifest.xml:31:9-84
98            android:name="libOpenCL-pixel.so"
98-->[com.google.ai.edge.litert:litert:2.1.6] AndroidManifest.xml:31:30-57
99            android:required="false" />
99-->[com.google.ai.edge.litert:litert:2.1.6] AndroidManifest.xml:31:58-82
100        <uses-native-library
100-->[com.google.ai.edge.litert:litert:2.1.6] AndroidManifest.xml:31:9-84
101            android:name="libvndksupport.so"
101-->[com.google.ai.edge.litert:litert:2.1.6] AndroidManifest.xml:31:30-57
102            android:required="false" /> <!-- Qualcomm NPU -->
102-->[com.google.ai.edge.litert:litert:2.1.6] AndroidManifest.xml:31:58-82
103        <uses-native-library
103-->[com.google.ai.edge.litert:litert:2.1.6] AndroidManifest.xml:31:9-84
104            android:name="libcdsprpc.so"
104-->[com.google.ai.edge.litert:litert:2.1.6] AndroidManifest.xml:31:30-57
105            android:required="false" /> <!-- Google Tensor NPU -->
105-->[com.google.ai.edge.litert:litert:2.1.6] AndroidManifest.xml:31:58-82
106        <uses-native-library
106-->[com.google.ai.edge.litert:litert:2.1.6] AndroidManifest.xml:31:9-84
107            android:name="libedgetpu_util.so"
107-->[com.google.ai.edge.litert:litert:2.1.6] AndroidManifest.xml:31:30-57
108            android:required="false" />
108-->[com.google.ai.edge.litert:litert:2.1.6] AndroidManifest.xml:31:58-82
109        <uses-native-library
109-->[com.google.ai.edge.litert:litert:2.1.6] AndroidManifest.xml:31:9-84
110            android:name="libedgetpu_litert.so"
110-->[com.google.ai.edge.litert:litert:2.1.6] AndroidManifest.xml:31:30-57
111            android:required="false" /> <!-- MTK NPU -->
111-->[com.google.ai.edge.litert:litert:2.1.6] AndroidManifest.xml:31:58-82
112        <!-- Utils -->
113        <uses-native-library
113-->[com.google.ai.edge.litert:litert:2.1.6] AndroidManifest.xml:31:9-84
114            android:name="libneuron_sys_util.mtk.so"
114-->[com.google.ai.edge.litert:litert:2.1.6] AndroidManifest.xml:31:30-57
115            android:required="false" /> <!-- Libs needed if using the runtime from the system. -->
115-->[com.google.ai.edge.litert:litert:2.1.6] AndroidManifest.xml:31:58-82
116        <uses-native-library
116-->[com.google.ai.edge.litert:litert:2.1.6] AndroidManifest.xml:31:9-84
117            android:name="libneuronusdk_adapter.mtk.so"
117-->[com.google.ai.edge.litert:litert:2.1.6] AndroidManifest.xml:31:30-57
118            android:required="false" />
118-->[com.google.ai.edge.litert:litert:2.1.6] AndroidManifest.xml:31:58-82
119        <uses-native-library
119-->[com.google.ai.edge.litert:litert:2.1.6] AndroidManifest.xml:31:9-84
120            android:name="libneuronusdk_adapter.9.mtk.so"
120-->[com.google.ai.edge.litert:litert:2.1.6] AndroidManifest.xml:31:30-57
121            android:required="false" />
121-->[com.google.ai.edge.litert:litert:2.1.6] AndroidManifest.xml:31:58-82
122        <uses-native-library
122-->[com.google.ai.edge.litert:litert:2.1.6] AndroidManifest.xml:31:9-84
123            android:name="libneuron_adapter_mgvi.so"
123-->[com.google.ai.edge.litert:litert:2.1.6] AndroidManifest.xml:31:30-57
124            android:required="false" /> <!-- Libs needed if bundling the runtime with the app. -->
124-->[com.google.ai.edge.litert:litert:2.1.6] AndroidManifest.xml:31:58-82
125        <!-- AIDL Service -->
126        <uses-native-library
126-->[com.google.ai.edge.litert:litert:2.1.6] AndroidManifest.xml:31:9-84
127            android:name="libapuwareutils_v2.mtk.so"
127-->[com.google.ai.edge.litert:litert:2.1.6] AndroidManifest.xml:31:30-57
128            android:required="false" />
128-->[com.google.ai.edge.litert:litert:2.1.6] AndroidManifest.xml:31:58-82
129        <uses-native-library
129-->[com.google.ai.edge.litert:litert:2.1.6] AndroidManifest.xml:31:9-84
130            android:name="libapuwareutils.mtk.so"
130-->[com.google.ai.edge.litert:litert:2.1.6] AndroidManifest.xml:31:30-57
131            android:required="false" />
131-->[com.google.ai.edge.litert:litert:2.1.6] AndroidManifest.xml:31:58-82
132        <uses-native-library
132-->[com.google.ai.edge.litert:litert:2.1.6] AndroidManifest.xml:31:9-84
133            android:name="libapuwareapusys_v2.mtk.so"
133-->[com.google.ai.edge.litert:litert:2.1.6] AndroidManifest.xml:31:30-57
134            android:required="false" /> <!-- DSP -->
134-->[com.google.ai.edge.litert:litert:2.1.6] AndroidManifest.xml:31:58-82
135        <uses-native-library
135-->[com.google.ai.edge.litert:litert:2.1.6] AndroidManifest.xml:31:9-84
136            android:name="libmvpuop_mtk_nn.mtk.so"
136-->[com.google.ai.edge.litert:litert:2.1.6] AndroidManifest.xml:31:30-57
137            android:required="false" />
137-->[com.google.ai.edge.litert:litert:2.1.6] AndroidManifest.xml:31:58-82
138        <uses-native-library
138-->[com.google.ai.edge.litert:litert:2.1.6] AndroidManifest.xml:31:9-84
139            android:name="libmvpuop_mtk_cv.mtk.so"
139-->[com.google.ai.edge.litert:litert:2.1.6] AndroidManifest.xml:31:30-57
140            android:required="false" />
140-->[com.google.ai.edge.litert:litert:2.1.6] AndroidManifest.xml:31:58-82
141        <uses-native-library
141-->[com.google.ai.edge.litert:litert:2.1.6] AndroidManifest.xml:31:9-84
142            android:name="libmvpu_runtime_pub.mtk.so"
142-->[com.google.ai.edge.litert:litert:2.1.6] AndroidManifest.xml:31:30-57
143            android:required="false" />
143-->[com.google.ai.edge.litert:litert:2.1.6] AndroidManifest.xml:31:58-82
144        <uses-native-library
144-->[com.google.ai.edge.litert:litert:2.1.6] AndroidManifest.xml:31:9-84
145            android:name="libmvpu_engine_pub.mtk.so"
145-->[com.google.ai.edge.litert:litert:2.1.6] AndroidManifest.xml:31:30-57
146            android:required="false" />
146-->[com.google.ai.edge.litert:litert:2.1.6] AndroidManifest.xml:31:58-82
147        <uses-native-library
147-->[com.google.ai.edge.litert:litert:2.1.6] AndroidManifest.xml:31:9-84
148            android:name="libmvpu_pattern_pub.mtk.so"
148-->[com.google.ai.edge.litert:litert:2.1.6] AndroidManifest.xml:31:30-57
149            android:required="false" />
149-->[com.google.ai.edge.litert:litert:2.1.6] AndroidManifest.xml:31:58-82
150        <uses-native-library
150-->[com.google.ai.edge.litert:litert:2.1.6] AndroidManifest.xml:31:9-84
151            android:name="libmvpuop25_mtk_nn.mtk.so"
151-->[com.google.ai.edge.litert:litert:2.1.6] AndroidManifest.xml:31:30-57
152            android:required="false" />
152-->[com.google.ai.edge.litert:litert:2.1.6] AndroidManifest.xml:31:58-82
153        <uses-native-library
153-->[com.google.ai.edge.litert:litert:2.1.6] AndroidManifest.xml:31:9-84
154            android:name="libmvpuop25_mtk_cv.mtk.so"
154-->[com.google.ai.edge.litert:litert:2.1.6] AndroidManifest.xml:31:30-57
155            android:required="false" />
155-->[com.google.ai.edge.litert:litert:2.1.6] AndroidManifest.xml:31:58-82
156        <uses-native-library
156-->[com.google.ai.edge.litert:litert:2.1.6] AndroidManifest.xml:31:9-84
157            android:name="libmvpu_runtime_25_pub.mtk.so"
157-->[com.google.ai.edge.litert:litert:2.1.6] AndroidManifest.xml:31:30-57
158            android:required="false" />
158-->[com.google.ai.edge.litert:litert:2.1.6] AndroidManifest.xml:31:58-82
159        <uses-native-library
159-->[com.google.ai.edge.litert:litert:2.1.6] AndroidManifest.xml:31:9-84
160            android:name="libmvpu_engine_25_pub.mtk.so"
160-->[com.google.ai.edge.litert:litert:2.1.6] AndroidManifest.xml:31:30-57
161            android:required="false" />
161-->[com.google.ai.edge.litert:litert:2.1.6] AndroidManifest.xml:31:58-82
162        <uses-native-library
162-->[com.google.ai.edge.litert:litert:2.1.6] AndroidManifest.xml:31:9-84
163            android:name="libmvpu_pattern_25_pub.mtk.so"
163-->[com.google.ai.edge.litert:litert:2.1.6] AndroidManifest.xml:31:30-57
164            android:required="false" />
164-->[com.google.ai.edge.litert:litert:2.1.6] AndroidManifest.xml:31:58-82
165        <uses-native-library
165-->[com.google.ai.edge.litert:litert:2.1.6] AndroidManifest.xml:31:9-84
166            android:name="libmvpu_config.mtk.so"
166-->[com.google.ai.edge.litert:litert:2.1.6] AndroidManifest.xml:31:30-57
167            android:required="false" />
167-->[com.google.ai.edge.litert:litert:2.1.6] AndroidManifest.xml:31:58-82
168        <uses-native-library
168-->[com.google.ai.edge.litert:litert:2.1.6] AndroidManifest.xml:31:9-84
169            android:name="libmvpup30_mtk_nn.mtk.so"
169-->[com.google.ai.edge.litert:litert:2.1.6] AndroidManifest.xml:31:30-57
170            android:required="false" />
170-->[com.google.ai.edge.litert:litert:2.1.6] AndroidManifest.xml:31:58-82
171        <uses-native-library
171-->[com.google.ai.edge.litert:litert:2.1.6] AndroidManifest.xml:31:9-84
172            android:name="libmvpup30_mtk_cv.mtk.so"
172-->[com.google.ai.edge.litert:litert:2.1.6] AndroidManifest.xml:31:30-57
173            android:required="false" />
173-->[com.google.ai.edge.litert:litert:2.1.6] AndroidManifest.xml:31:58-82
174        <uses-native-library
174-->[com.google.ai.edge.litert:litert:2.1.6] AndroidManifest.xml:31:9-84
175            android:name="libmvpu_runtime_30.mtk.so"
175-->[com.google.ai.edge.litert:litert:2.1.6] AndroidManifest.xml:31:30-57
176            android:required="false" />
176-->[com.google.ai.edge.litert:litert:2.1.6] AndroidManifest.xml:31:58-82
177        <uses-native-library
177-->[com.google.ai.edge.litert:litert:2.1.6] AndroidManifest.xml:31:9-84
178            android:name="libmvpu_engine_30.mtk.so"
178-->[com.google.ai.edge.litert:litert:2.1.6] AndroidManifest.xml:31:30-57
179            android:required="false" />
179-->[com.google.ai.edge.litert:litert:2.1.6] AndroidManifest.xml:31:58-82
180        <uses-native-library
180-->[com.google.ai.edge.litert:litert:2.1.6] AndroidManifest.xml:31:9-84
181            android:name="libmvpu_pattern_30.mtk.so"
181-->[com.google.ai.edge.litert:litert:2.1.6] AndroidManifest.xml:31:30-57
182            android:required="false" />
182-->[com.google.ai.edge.litert:litert:2.1.6] AndroidManifest.xml:31:58-82
183        <uses-native-library
183-->[com.google.ai.edge.litert:litert:2.1.6] AndroidManifest.xml:31:9-84
184            android:name="libmvpuop30_mtk_nn.mtk.so"
184-->[com.google.ai.edge.litert:litert:2.1.6] AndroidManifest.xml:31:30-57
185            android:required="false" />
185-->[com.google.ai.edge.litert:litert:2.1.6] AndroidManifest.xml:31:58-82
186        <!--
187 Applications that target Android S+ require explicit declaration of
188             any referenced vendor-provided libraries.
189        -->
190        <uses-native-library
190-->[com.google.ai.edge.litert:litert:2.1.6] AndroidManifest.xml:31:9-84
191            android:name="libOpenCL.so"
191-->[com.google.ai.edge.litert:litert:2.1.6] AndroidManifest.xml:31:30-57
192            android:required="false" />
192-->[com.google.ai.edge.litert:litert:2.1.6] AndroidManifest.xml:31:58-82
193        <uses-native-library
193-->[com.google.ai.edge.litert:litert:2.1.6] AndroidManifest.xml:31:9-84
194            android:name="libOpenCL-car.so"
194-->[com.google.ai.edge.litert:litert:2.1.6] AndroidManifest.xml:31:30-57
195            android:required="false" />
195-->[com.google.ai.edge.litert:litert:2.1.6] AndroidManifest.xml:31:58-82
196        <uses-native-library
196-->[com.google.ai.edge.litert:litert:2.1.6] AndroidManifest.xml:31:9-84
197            android:name="libOpenCL-pixel.so"
197-->[com.google.ai.edge.litert:litert:2.1.6] AndroidManifest.xml:31:30-57
198            android:required="false" />
198-->[com.google.ai.edge.litert:litert:2.1.6] AndroidManifest.xml:31:58-82
199        <uses-native-library
199-->[com.google.ai.edge.litert:litert:2.1.6] AndroidManifest.xml:31:9-84
200            android:name="libvndksupport.so"
200-->[com.google.ai.edge.litert:litert:2.1.6] AndroidManifest.xml:31:30-57
201            android:required="false" /> <!-- Qualcomm NPU -->
201-->[com.google.ai.edge.litert:litert:2.1.6] AndroidManifest.xml:31:58-82
202        <uses-native-library
202-->[com.google.ai.edge.litert:litert:2.1.6] AndroidManifest.xml:31:9-84
203            android:name="libcdsprpc.so"
203-->[com.google.ai.edge.litert:litert:2.1.6] AndroidManifest.xml:31:30-57
204            android:required="false" /> <!-- Google Tensor NPU -->
204-->[com.google.ai.edge.litert:litert:2.1.6] AndroidManifest.xml:31:58-82
205        <uses-native-library
205-->[com.google.ai.edge.litert:litert:2.1.6] AndroidManifest.xml:31:9-84
206            android:name="libedgetpu_util.so"
206-->[com.google.ai.edge.litert:litert:2.1.6] AndroidManifest.xml:31:30-57
207            android:required="false" />
207-->[com.google.ai.edge.litert:litert:2.1.6] AndroidManifest.xml:31:58-82
208        <uses-native-library
208-->[com.google.ai.edge.litert:litert:2.1.6] AndroidManifest.xml:31:9-84
209            android:name="libedgetpu_litert.so"
209-->[com.google.ai.edge.litert:litert:2.1.6] AndroidManifest.xml:31:30-57
210            android:required="false" /> <!-- MTK NPU -->
210-->[com.google.ai.edge.litert:litert:2.1.6] AndroidManifest.xml:31:58-82
211        <!-- Utils -->
212        <uses-native-library
212-->[com.google.ai.edge.litert:litert:2.1.6] AndroidManifest.xml:31:9-84
213            android:name="libneuron_sys_util.mtk.so"
213-->[com.google.ai.edge.litert:litert:2.1.6] AndroidManifest.xml:31:30-57
214            android:required="false" /> <!-- Libs needed if using the runtime from the system. -->
214-->[com.google.ai.edge.litert:litert:2.1.6] AndroidManifest.xml:31:58-82
215        <uses-native-library
215-->[com.google.ai.edge.litert:litert:2.1.6] AndroidManifest.xml:31:9-84
216            android:name="libneuronusdk_adapter.mtk.so"
216-->[com.google.ai.edge.litert:litert:2.1.6] AndroidManifest.xml:31:30-57
217            android:required="false" />
217-->[com.google.ai.edge.litert:litert:2.1.6] AndroidManifest.xml:31:58-82
218        <uses-native-library
218-->[com.google.ai.edge.litert:litert:2.1.6] AndroidManifest.xml:31:9-84
219            android:name="libneuronusdk_adapter.9.mtk.so"
219-->[com.google.ai.edge.litert:litert:2.1.6] AndroidManifest.xml:31:30-57
220            android:required="false" />
220-->[com.google.ai.edge.litert:litert:2.1.6] AndroidManifest.xml:31:58-82
221        <uses-native-library
221-->[com.google.ai.edge.litert:litert:2.1.6] AndroidManifest.xml:31:9-84
222            android:name="libneuron_adapter_mgvi.so"
222-->[com.google.ai.edge.litert:litert:2.1.6] AndroidManifest.xml:31:30-57
223            android:required="false" /> <!-- Libs needed if bundling the runtime with the app. -->
223-->[com.google.ai.edge.litert:litert:2.1.6] AndroidManifest.xml:31:58-82
224        <!-- AIDL Service -->
225        <uses-native-library
225-->[com.google.ai.edge.litert:litert:2.1.6] AndroidManifest.xml:31:9-84
226            android:name="libapuwareutils_v2.mtk.so"
226-->[com.google.ai.edge.litert:litert:2.1.6] AndroidManifest.xml:31:30-57
227            android:required="false" />
227-->[com.google.ai.edge.litert:litert:2.1.6] AndroidManifest.xml:31:58-82
228        <uses-native-library
228-->[com.google.ai.edge.litert:litert:2.1.6] AndroidManifest.xml:31:9-84
229            android:name="libapuwareutils.mtk.so"
229-->[com.google.ai.edge.litert:litert:2.1.6] AndroidManifest.xml:31:30-57
230            android:required="false" />
230-->[com.google.ai.edge.litert:litert:2.1.6] AndroidManifest.xml:31:58-82
231        <uses-native-library
231-->[com.google.ai.edge.litert:litert:2.1.6] AndroidManifest.xml:31:9-84
232            android:name="libapuwareapusys_v2.mtk.so"
232-->[com.google.ai.edge.litert:litert:2.1.6] AndroidManifest.xml:31:30-57
233            android:required="false" /> <!-- DSP -->
233-->[com.google.ai.edge.litert:litert:2.1.6] AndroidManifest.xml:31:58-82
234        <uses-native-library
234-->[com.google.ai.edge.litert:litert:2.1.6] AndroidManifest.xml:31:9-84
235            android:name="libmvpuop_mtk_nn.mtk.so"
235-->[com.google.ai.edge.litert:litert:2.1.6] AndroidManifest.xml:31:30-57
236            android:required="false" />
236-->[com.google.ai.edge.litert:litert:2.1.6] AndroidManifest.xml:31:58-82
237        <uses-native-library
237-->[com.google.ai.edge.litert:litert:2.1.6] AndroidManifest.xml:31:9-84
238            android:name="libmvpuop_mtk_cv.mtk.so"
238-->[com.google.ai.edge.litert:litert:2.1.6] AndroidManifest.xml:31:30-57
239            android:required="false" />
239-->[com.google.ai.edge.litert:litert:2.1.6] AndroidManifest.xml:31:58-82
240        <uses-native-library
240-->[com.google.ai.edge.litert:litert:2.1.6] AndroidManifest.xml:31:9-84
241            android:name="libmvpu_runtime_pub.mtk.so"
241-->[com.google.ai.edge.litert:litert:2.1.6] AndroidManifest.xml:31:30-57
242            android:required="false" />
242-->[com.google.ai.edge.litert:litert:2.1.6] AndroidManifest.xml:31:58-82
243        <uses-native-library
243-->[com.google.ai.edge.litert:litert:2.1.6] AndroidManifest.xml:31:9-84
244            android:name="libmvpu_engine_pub.mtk.so"
244-->[com.google.ai.edge.litert:litert:2.1.6] AndroidManifest.xml:31:30-57
245            android:required="false" />
245-->[com.google.ai.edge.litert:litert:2.1.6] AndroidManifest.xml:31:58-82
246        <uses-native-library
246-->[com.google.ai.edge.litert:litert:2.1.6] AndroidManifest.xml:31:9-84
247            android:name="libmvpu_pattern_pub.mtk.so"
247-->[com.google.ai.edge.litert:litert:2.1.6] AndroidManifest.xml:31:30-57
248            android:required="false" />
248-->[com.google.ai.edge.litert:litert:2.1.6] AndroidManifest.xml:31:58-82
249        <uses-native-library
249-->[com.google.ai.edge.litert:litert:2.1.6] AndroidManifest.xml:31:9-84
250            android:name="libmvpuop25_mtk_nn.mtk.so"
250-->[com.google.ai.edge.litert:litert:2.1.6] AndroidManifest.xml:31:30-57
251            android:required="false" />
251-->[com.google.ai.edge.litert:litert:2.1.6] AndroidManifest.xml:31:58-82
252        <uses-native-library
252-->[com.google.ai.edge.litert:litert:2.1.6] AndroidManifest.xml:31:9-84
253            android:name="libmvpuop25_mtk_cv.mtk.so"
253-->[com.google.ai.edge.litert:litert:2.1.6] AndroidManifest.xml:31:30-57
254            android:required="false" />
254-->[com.google.ai.edge.litert:litert:2.1.6] AndroidManifest.xml:31:58-82
255        <uses-native-library
255-->[com.google.ai.edge.litert:litert:2.1.6] AndroidManifest.xml:31:9-84
256            android:name="libmvpu_runtime_25_pub.mtk.so"
256-->[com.google.ai.edge.litert:litert:2.1.6] AndroidManifest.xml:31:30-57
257            android:required="false" />
257-->[com.google.ai.edge.litert:litert:2.1.6] AndroidManifest.xml:31:58-82
258        <uses-native-library
258-->[com.google.ai.edge.litert:litert:2.1.6] AndroidManifest.xml:31:9-84
259            android:name="libmvpu_engine_25_pub.mtk.so"
259-->[com.google.ai.edge.litert:litert:2.1.6] AndroidManifest.xml:31:30-57
260            android:required="false" />
260-->[com.google.ai.edge.litert:litert:2.1.6] AndroidManifest.xml:31:58-82
261        <uses-native-library
261-->[com.google.ai.edge.litert:litert:2.1.6] AndroidManifest.xml:31:9-84
262            android:name="libmvpu_pattern_25_pub.mtk.so"
262-->[com.google.ai.edge.litert:litert:2.1.6] AndroidManifest.xml:31:30-57
263            android:required="false" />
263-->[com.google.ai.edge.litert:litert:2.1.6] AndroidManifest.xml:31:58-82
264        <uses-native-library
264-->[com.google.ai.edge.litert:litert:2.1.6] AndroidManifest.xml:31:9-84
265            android:name="libmvpu_config.mtk.so"
265-->[com.google.ai.edge.litert:litert:2.1.6] AndroidManifest.xml:31:30-57
266            android:required="false" />
266-->[com.google.ai.edge.litert:litert:2.1.6] AndroidManifest.xml:31:58-82
267        <uses-native-library
267-->[com.google.ai.edge.litert:litert:2.1.6] AndroidManifest.xml:31:9-84
268            android:name="libmvpup30_mtk_nn.mtk.so"
268-->[com.google.ai.edge.litert:litert:2.1.6] AndroidManifest.xml:31:30-57
269            android:required="false" />